This file contains any messages produced by compilers while
running configure, to aid debugging if configure makes a mistake.

It was created by plasmasnow configure 4.56, which was
generated by GNU Autoconf 2.71.  Invocation command line was

  $ ./configure

## --------- ##
## Platform. ##
## --------- ##

hostname = mark-HP-ProDesk-600-G3-SFF
uname -m = x86_64
uname -r = 6.2.0-39-generic
uname -s = Linux
uname -v = #40~22.04.1-Ubuntu SMP PREEMPT_DYNAMIC Thu Nov 16 10:53:04 UTC 2

/usr/bin/uname -p = x86_64
/bin/uname -X     = unknown

/bin/arch              = x86_64
/usr/bin/arch -k       = unknown
/usr/convex/getsysinfo = unknown
/usr/bin/hostinfo      = unknown
/bin/machine           = unknown
/usr/bin/oslevel       = unknown
/bin/universe          = unknown

PATH: /home/mark/kde/src/kdesrc-build/
PATH: /usr/lib/jvm/java-19-openjdk-amd64/bin/
PATH: /home/mark/.cargo/bin/
PATH: /home/mark/.local/bin/
PATH: /home/mark/bin/
PATH: /usr/local/sbin/
PATH: /usr/local/bin/
PATH: /usr/sbin/
PATH: /usr/bin/
PATH: /sbin/
PATH: /bin/
PATH: /usr/games/
PATH: /usr/local/games/
PATH: /snap/bin/


## ----------- ##
## Core tests. ##
## ----------- ##

configure:2832: looking for aux files: ar-lib config.guess config.sub compile config.rpath missing install-sh
configure:2845:  trying ./
configure:2874:   ./ar-lib found
configure:2874:   ./config.guess found
configure:2874:   ./config.sub found
configure:2874:   ./compile found
configure:2874:   ./config.rpath found
configure:2874:   ./missing found
configure:2856:   ./install-sh found
configure:3006: checking for a BSD-compatible install
configure:3079: result: /usr/bin/install -c
configure:3090: checking whether build environment is sane
configure:3145: result: yes
configure:3304: checking for a race-free mkdir -p
configure:3348: result: /usr/bin/mkdir -p
configure:3355: checking for gawk
configure:3376: found /usr/bin/gawk
configure:3387: result: gawk
configure:3398: checking whether make sets $(MAKE)
configure:3421: result: yes
configure:3451: checking whether make supports nested variables
configure:3469: result: yes
configure:3617: checking whether make supports nested variables
configure:3635: result: yes
configure:3655: WARNING: SOURCE_DATE_EPOCH is not defined
configure:3658: Try to read SOURCE_DATE_EPOCH from file './bootdate'
configure:3662: Read SOURCE_DATE_EPOCH=1687873292, i.e: Tue Jun 27 13:41:32 UTC 2023 
configure:3697: Using SOURCE_DATE_EPOCH=1687873292, i.e: Tue Jun 27 13:41:32 UTC 2023 
configure:3705: checking for a sed that does not truncate output
configure:3775: result: /usr/bin/sed
configure:3781: checking whether NLS is requested
configure:3791: result: yes
configure:3831: checking for msgfmt
configure: trying /usr/bin/msgfmt...
0 translated messages.
configure:3864: result: /usr/bin/msgfmt
configure:3873: checking for gmsgfmt
configure:3909: result: /usr/bin/msgfmt
configure:3954: checking for xgettext
configure: trying /usr/bin/xgettext...
/usr/bin/xgettext: warning: file '/dev/null' extension '' is unknown; will try C
configure:3987: result: /usr/bin/xgettext
configure:4032: checking for msgmerge
configure: trying /usr/bin/msgmerge...
configure:4064: result: /usr/bin/msgmerge
configure:4118: checking whether make supports the include directive
configure:4133: make -f confmf.GNU && cat confinc.out
this is the am__doit target
configure:4136: $? = 0
configure:4155: result: yes (GNU style)
configure:4231: checking for gcc
configure:4252: found /usr/bin/gcc
configure:4263: result: gcc
configure:4616: checking for C compiler version
configure:4625: gcc --version >&5
gcc (Ubuntu 11.4.0-1ubuntu1~22.04) 11.4.0
Copyright (C) 2021 Free Software Foundation, Inc.
This is free software; see the source for copying conditions.  There is NO
warranty; not even for MERCHANTABILITY or FITNESS FOR A PARTICULAR PURPOSE.

configure:4636: $? = 0
configure:4625: gcc -v >&5
Using built-in specs.
COLLECT_GCC=gcc
COLLECT_LTO_WRAPPER=/usr/lib/gcc/x86_64-linux-gnu/11/lto-wrapper
OFFLOAD_TARGET_NAMES=nvptx-none:amdgcn-amdhsa
OFFLOAD_TARGET_DEFAULT=1
Target: x86_64-linux-gnu
Configured with: ../src/configure -v --with-pkgversion='Ubuntu 11.4.0-1ubuntu1~22.04' --with-bugurl=file:///usr/share/doc/gcc-11/README.Bugs --enable-languages=c,ada,c++,go,brig,d,fortran,objc,obj-c++,m2 --prefix=/usr --with-gcc-major-version-only --program-suffix=-11 --program-prefix=x86_64-linux-gnu- --enable-shared --enable-linker-build-id --libexecdir=/usr/lib --without-included-gettext --enable-threads=posix --libdir=/usr/lib --enable-nls --enable-bootstrap --enable-clocale=gnu --enable-libstdcxx-debug --enable-libstdcxx-time=yes --with-default-libstdcxx-abi=new --enable-gnu-unique-object --disable-vtable-verify --enable-plugin --enable-default-pie --with-system-zlib --enable-libphobos-checking=release --with-target-system-zlib=auto --enable-objc-gc=auto --enable-multiarch --disable-werror --enable-cet --with-arch-32=i686 --with-abi=m64 --with-multilib-list=m32,m64,mx32 --enable-multilib --with-tune=generic --enable-offload-targets=nvptx-none=/build/gcc-11-XeT9lY/gcc-11-11.4.0/debian/tmp-nvptx/usr,amdgcn-amdhsa=/build/gcc-11-XeT9lY/gcc-11-11.4.0/debian/tmp-gcn/usr --without-cuda-driver --enable-checking=release --build=x86_64-linux-gnu --host=x86_64-linux-gnu --target=x86_64-linux-gnu --with-build-config=bootstrap-lto-lean --enable-link-serialization=2
Thread model: posix
Supported LTO compression algorithms: zlib zstd
gcc version 11.4.0 (Ubuntu 11.4.0-1ubuntu1~22.04) 
... rest of stderr output deleted ...
configure:4636: $? = 0
configure:4625: gcc -V >&5
gcc: error: unrecognized command-line option '-V'
gcc: fatal error: no input files
compilation terminated.
configure:4636: $? = 1
configure:4625: gcc -qversion >&5
gcc: error: unrecognized command-line option '-qversion'; did you mean '--version'?
gcc: fatal error: no input files
compilation terminated.
configure:4636: $? = 1
configure:4625: gcc -version >&5
gcc: error: unrecognized command-line option '-version'
gcc: fatal error: no input files
compilation terminated.
configure:4636: $? = 1
configure:4656: checking whether the C compiler works
configure:4678: gcc    conftest.c  >&5
configure:4682: $? = 0
configure:4732: result: yes
configure:4735: checking for C compiler default output file name
configure:4737: result: a.out
configure:4743: checking for suffix of executables
configure:4750: gcc -o conftest    conftest.c  >&5
configure:4754: $? = 0
configure:4777: result: 
configure:4799: checking whether we are cross compiling
configure:4807: gcc -o conftest    conftest.c  >&5
configure:4811: $? = 0
configure:4818: ./conftest
configure:4822: $? = 0
configure:4837: result: no
configure:4842: checking for suffix of object files
configure:4865: gcc -c   conftest.c >&5
configure:4869: $? = 0
configure:4891: result: o
configure:4895: checking whether the compiler supports GNU C
configure:4915: gcc -c   conftest.c >&5
configure:4915: $? = 0
configure:4925: result: yes
configure:4936: checking whether gcc accepts -g
configure:4957: gcc -c -g  conftest.c >&5
configure:4957: $? = 0
configure:5001: result: yes
configure:5021: checking for gcc option to enable C11 features
configure:5036: gcc  -c -g -O2  conftest.c >&5
configure:5036: $? = 0
configure:5054: result: none needed
configure:5170: checking whether gcc understands -c and -o together
configure:5193: gcc -c conftest.c -o conftest2.o
configure:5196: $? = 0
configure:5193: gcc -c conftest.c -o conftest2.o
configure:5196: $? = 0
configure:5208: result: yes
configure:5227: checking dependency style of gcc
configure:5339: result: gcc3
configure:5360: checking build system type
configure:5375: result: x86_64-pc-linux-gnu
configure:5395: checking host system type
configure:5409: result: x86_64-pc-linux-gnu
configure:5457: checking for ld used by gcc
configure:5585: result: /usr/bin/ld
configure:5592: checking if the linker (/usr/bin/ld) is GNU ld
configure:5608: result: yes
configure:5616: checking for shared library run path origin
configure:5630: result: done
configure:5652: checking 32-bit host C ABI
configure:5719: gcc -c -g -O2  conftest.c >&5
configure:5719: $? = 0
configure:5915: result: no
configure:5925: checking how to run the C preprocessor
configure:5951: gcc -E  conftest.c
configure:5951: $? = 0
configure:5966: gcc -E  conftest.c
conftest.c:11:10: fatal error: ac_nonexistent.h: No such file or directory
   11 | #include <ac_nonexistent.h>
      |          ^~~~~~~~~~~~~~~~~~
compilation terminated.
configure:5966: $? = 1
configure: failed program was:
| /* confdefs.h */
| #define PACKAGE_NAME "plasmasnow"
| #define PACKAGE_TARNAME "plasmasnow"
| #define PACKAGE_VERSION "4.56"
| #define PACKAGE_STRING "plasmasnow 4.56"
| #define PACKAGE_BUGREPORT "markcapella@twcny.rr.com"
| #define PACKAGE_URL ""
| #define PACKAGE "plasmasnow"
| #define VERSION "4.56"
| /* end confdefs.h.  */
| #include <ac_nonexistent.h>
configure:5993: result: gcc -E
configure:6007: gcc -E  conftest.c
configure:6007: $? = 0
configure:6022: gcc -E  conftest.c
conftest.c:11:10: fatal error: ac_nonexistent.h: No such file or directory
   11 | #include <ac_nonexistent.h>
      |          ^~~~~~~~~~~~~~~~~~
compilation terminated.
configure:6022: $? = 1
configure: failed program was:
| /* confdefs.h */
| #define PACKAGE_NAME "plasmasnow"
| #define PACKAGE_TARNAME "plasmasnow"
| #define PACKAGE_VERSION "4.56"
| #define PACKAGE_STRING "plasmasnow 4.56"
| #define PACKAGE_BUGREPORT "markcapella@twcny.rr.com"
| #define PACKAGE_URL ""
| #define PACKAGE "plasmasnow"
| #define VERSION "4.56"
| /* end confdefs.h.  */
| #include <ac_nonexistent.h>
configure:6053: checking for grep that handles long lines and -e
configure:6117: result: /usr/bin/grep
configure:6122: checking for egrep
configure:6190: result: /usr/bin/grep -E
configure:6199: checking for ELF binary format
configure:6223: result: yes
configure:6272: checking for the common suffixes of directories in the library search path
configure:6341: result: lib,lib,lib64
configure:6859: checking for CFPreferencesCopyAppValue
configure:6878: gcc -o conftest -g -O2   conftest.c  -Wl,-framework -Wl,CoreFoundation >&5
conftest.c:11:10: fatal error: CoreFoundation/CFPreferences.h: No such file or directory
   11 | #include <CoreFoundation/CFPreferences.h>
      |          ^~~~~~~~~~~~~~~~~~~~~~~~~~~~~~~~
compilation terminated.
configure:6878: $? = 1
configure: failed program was:
| /* confdefs.h */
| #define PACKAGE_NAME "plasmasnow"
| #define PACKAGE_TARNAME "plasmasnow"
| #define PACKAGE_VERSION "4.56"
| #define PACKAGE_STRING "plasmasnow 4.56"
| #define PACKAGE_BUGREPORT "markcapella@twcny.rr.com"
| #define PACKAGE_URL ""
| #define PACKAGE "plasmasnow"
| #define VERSION "4.56"
| /* end confdefs.h.  */
| #include <CoreFoundation/CFPreferences.h>
| int
| main (void)
| {
| CFPreferencesCopyAppValue(NULL, NULL)
|   ;
|   return 0;
| }
configure:6888: result: no
configure:6895: checking for CFLocaleCopyPreferredLanguages
configure:6914: gcc -o conftest -g -O2   conftest.c  -Wl,-framework -Wl,CoreFoundation >&5
conftest.c:11:10: fatal error: CoreFoundation/CFLocale.h: No such file or directory
   11 | #include <CoreFoundation/CFLocale.h>
      |          ^~~~~~~~~~~~~~~~~~~~~~~~~~~
compilation terminated.
configure:6914: $? = 1
configure: failed program was:
| /* confdefs.h */
| #define PACKAGE_NAME "plasmasnow"
| #define PACKAGE_TARNAME "plasmasnow"
| #define PACKAGE_VERSION "4.56"
| #define PACKAGE_STRING "plasmasnow 4.56"
| #define PACKAGE_BUGREPORT "markcapella@twcny.rr.com"
| #define PACKAGE_URL ""
| #define PACKAGE "plasmasnow"
| #define VERSION "4.56"
| /* end confdefs.h.  */
| #include <CoreFoundation/CFLocale.h>
| int
| main (void)
| {
| CFLocaleCopyPreferredLanguages();
|   ;
|   return 0;
| }
configure:6924: result: no
configure:6974: checking for GNU gettext in libc
configure:7004: gcc -o conftest -g -O2   conftest.c  >&5
configure:7004: $? = 0
configure:7014: result: yes
configure:7905: checking whether to use NLS
configure:7907: result: yes
configure:7910: checking where the gettext function comes from
configure:7921: result: libc
configure:7998: Checking the capabilities of the tar program...
configure:8004: The program tar is usable to create a reproducible tar ball.
configure:8094: checking for ar
configure:8115: found /usr/bin/ar
configure:8126: result: ar
configure:8152: checking the archiver (ar) interface
configure:8169: gcc -c -g -O2  conftest.c >&5
configure:8169: $? = 0
configure:8172: ar cru libconftest.a conftest.o >&5
ar: `u' modifier ignored since `D' is the default (see `U')
configure:8175: $? = 0
configure:8203: result: ar
configure:8347: checking for C compiler version
configure:8356: gcc --version >&5
gcc (Ubuntu 11.4.0-1ubuntu1~22.04) 11.4.0
Copyright (C) 2021 Free Software Foundation, Inc.
This is free software; see the source for copying conditions.  There is NO
warranty; not even for MERCHANTABILITY or FITNESS FOR A PARTICULAR PURPOSE.

configure:8367: $? = 0
configure:8356: gcc -v >&5
Using built-in specs.
COLLECT_GCC=gcc
COLLECT_LTO_WRAPPER=/usr/lib/gcc/x86_64-linux-gnu/11/lto-wrapper
OFFLOAD_TARGET_NAMES=nvptx-none:amdgcn-amdhsa
OFFLOAD_TARGET_DEFAULT=1
Target: x86_64-linux-gnu
Configured with: ../src/configure -v --with-pkgversion='Ubuntu 11.4.0-1ubuntu1~22.04' --with-bugurl=file:///usr/share/doc/gcc-11/README.Bugs --enable-languages=c,ada,c++,go,brig,d,fortran,objc,obj-c++,m2 --prefix=/usr --with-gcc-major-version-only --program-suffix=-11 --program-prefix=x86_64-linux-gnu- --enable-shared --enable-linker-build-id --libexecdir=/usr/lib --without-included-gettext --enable-threads=posix --libdir=/usr/lib --enable-nls --enable-bootstrap --enable-clocale=gnu --enable-libstdcxx-debug --enable-libstdcxx-time=yes --with-default-libstdcxx-abi=new --enable-gnu-unique-object --disable-vtable-verify --enable-plugin --enable-default-pie --with-system-zlib --enable-libphobos-checking=release --with-target-system-zlib=auto --enable-objc-gc=auto --enable-multiarch --disable-werror --enable-cet --with-arch-32=i686 --with-abi=m64 --with-multilib-list=m32,m64,mx32 --enable-multilib --with-tune=generic --enable-offload-targets=nvptx-none=/build/gcc-11-XeT9lY/gcc-11-11.4.0/debian/tmp-nvptx/usr,amdgcn-amdhsa=/build/gcc-11-XeT9lY/gcc-11-11.4.0/debian/tmp-gcn/usr --without-cuda-driver --enable-checking=release --build=x86_64-linux-gnu --host=x86_64-linux-gnu --target=x86_64-linux-gnu --with-build-config=bootstrap-lto-lean --enable-link-serialization=2
Thread model: posix
Supported LTO compression algorithms: zlib zstd
gcc version 11.4.0 (Ubuntu 11.4.0-1ubuntu1~22.04) 
... rest of stderr output deleted ...
configure:8367: $? = 0
configure:8356: gcc -V >&5
gcc: error: unrecognized command-line option '-V'
gcc: fatal error: no input files
compilation terminated.
configure:8367: $? = 1
configure:8356: gcc -qversion >&5
gcc: error: unrecognized command-line option '-qversion'; did you mean '--version'?
gcc: fatal error: no input files
compilation terminated.
configure:8367: $? = 1
configure:8356: gcc -version >&5
gcc: error: unrecognized command-line option '-version'
gcc: fatal error: no input files
compilation terminated.
configure:8367: $? = 1
configure:8371: checking whether the compiler supports GNU C
configure:8401: result: yes
configure:8412: checking whether gcc accepts -g
configure:8477: result: yes
configure:8497: checking for gcc option to enable C11 features
configure:8530: result: none needed
configure:8646: checking whether gcc understands -c and -o together
configure:8684: result: yes
configure:8703: checking dependency style of gcc
configure:8815: result: gcc3
configure:8899: checking for c++
configure:8920: found /usr/bin/c++
configure:8931: result: c++
configure:8958: checking for C++ compiler version
configure:8967: c++ --version >&5
Ubuntu clang version 14.0.0-1ubuntu1.1
Target: x86_64-pc-linux-gnu
Thread model: posix
InstalledDir: /usr/bin
configure:8978: $? = 0
configure:8967: c++ -v >&5
Ubuntu clang version 14.0.0-1ubuntu1.1
Target: x86_64-pc-linux-gnu
Thread model: posix
InstalledDir: /usr/bin
Found candidate GCC installation: /usr/bin/../lib/gcc/x86_64-linux-gnu/11
Selected GCC installation: /usr/bin/../lib/gcc/x86_64-linux-gnu/11
Candidate multilib: .;@m64
Selected multilib: .;@m64
configure:8978: $? = 0
configure:8967: c++ -V >&5
clang: error: argument to '-V' is missing (expected 1 value)
clang: error: no input files
configure:8978: $? = 1
configure:8967: c++ -qversion >&5
clang: error: unknown argument '-qversion'; did you mean '--version'?
clang: error: no input files
configure:8978: $? = 1
configure:8982: checking whether the compiler supports GNU C++
configure:9002: c++ -c   conftest.cpp >&5
configure:9002: $? = 0
configure:9012: result: yes
configure:9023: checking whether c++ accepts -g
configure:9044: c++ -c -g  conftest.cpp >&5
configure:9044: $? = 0
configure:9088: result: yes
configure:9108: checking for c++ option to enable C++11 features
configure:9123: c++  -c -g -O2  conftest.cpp >&5
conftest.cpp:180:25: warning: empty parentheses interpreted as a function declaration [-Wvexing-parse]
  cxx11test::delegate d2();
                        ^~
conftest.cpp:180:25: note: remove parentheses to declare a variable
  cxx11test::delegate d2();
                        ^~
1 warning generated.
configure:9123: $? = 0
configure:9141: result: none needed
configure:9207: checking dependency style of c++
configure:9319: result: gcc3
configure:9383: checking for ranlib
configure:9404: found /usr/bin/ranlib
configure:9415: result: ranlib
configure:9440: checking for X
configure:9478: gcc -o conftest -g -O2   conftest.c -lX11 -lm >&5
configure:9478: $? = 0
configure:9665: result: libraries , headers 
configure:9673: checking for stdio.h
configure:9673: gcc -c -g -O2  conftest.c >&5
configure:9673: $? = 0
configure:9673: result: yes
configure:9673: checking for stdlib.h
configure:9673: gcc -c -g -O2  conftest.c >&5
configure:9673: $? = 0
configure:9673: result: yes
configure:9673: checking for string.h
configure:9673: gcc -c -g -O2  conftest.c >&5
configure:9673: $? = 0
configure:9673: result: yes
configure:9673: checking for inttypes.h
configure:9673: gcc -c -g -O2  conftest.c >&5
configure:9673: $? = 0
configure:9673: result: yes
configure:9673: checking for stdint.h
configure:9673: gcc -c -g -O2  conftest.c >&5
configure:9673: $? = 0
configure:9673: result: yes
configure:9673: checking for strings.h
configure:9673: gcc -c -g -O2  conftest.c >&5
configure:9673: $? = 0
configure:9673: result: yes
configure:9673: checking for sys/stat.h
configure:9673: gcc -c -g -O2  conftest.c >&5
configure:9673: $? = 0
configure:9673: result: yes
configure:9673: checking for sys/types.h
configure:9673: gcc -c -g -O2  conftest.c >&5
configure:9673: $? = 0
configure:9673: result: yes
configure:9673: checking for unistd.h
configure:9673: gcc -c -g -O2  conftest.c >&5
configure:9673: $? = 0
configure:9673: result: yes
configure:9701: checking for assert.h
configure:9701: gcc -c -g -O2  conftest.c >&5
configure:9701: $? = 0
configure:9701: result: yes
configure:9701: checking for ctype.h
configure:9701: gcc -c -g -O2  conftest.c >&5
configure:9701: $? = 0
configure:9701: result: yes
configure:9701: checking for math.h
configure:9701: gcc -c -g -O2  conftest.c >&5
configure:9701: $? = 0
configure:9701: result: yes
configure:9701: checking for pthread.h
configure:9701: gcc -c -g -O2  conftest.c >&5
configure:9701: $? = 0
configure:9701: result: yes
configure:9701: checking for signal.h
configure:9701: gcc -c -g -O2  conftest.c >&5
configure:9701: $? = 0
configure:9701: result: yes
configure:9716: checking for stdarg.h
configure:9716: gcc -c -g -O2  conftest.c >&5
configure:9716: $? = 0
configure:9716: result: yes
configure:9716: checking for stdio.h
configure:9716: result: yes
configure:9716: checking for stdlib.h
configure:9716: result: yes
configure:9716: checking for string.h
configure:9716: result: yes
configure:9716: checking for unistd.h
configure:9716: result: yes
configure:9728: checking for execinfo.h
configure:9728: gcc -c -g -O2  conftest.c >&5
configure:9728: $? = 0
configure:9728: result: yes
configure:9745: checking for iostream
configure:9745: c++ -c -g -O2  conftest.cpp >&5
configure:9745: $? = 0
configure:9745: result: yes
configure:9755: checking for unordered_map
configure:9755: c++ -c -g -O2  conftest.cpp >&5
configure:9755: $? = 0
configure:9755: result: yes
configure:9762: checking for unordered_set
configure:9762: c++ -c -g -O2  conftest.cpp >&5
configure:9762: $? = 0
configure:9762: result: yes
configure:9835: checking for pkg-config
configure:9858: found /usr/bin/pkg-config
configure:9870: result: /usr/bin/pkg-config
configure:9895: checking pkg-config is at least version 0.9.0
configure:9898: result: yes
configure:9908: checking for gtk+-3.0 gmodule-2.0
configure:9915: $PKG_CONFIG --exists --print-errors "gtk+-3.0 gmodule-2.0"
configure:9918: $? = 0
configure:9932: $PKG_CONFIG --exists --print-errors "gtk+-3.0 gmodule-2.0"
configure:9935: $? = 0
configure:9993: result: yes
configure:9999: checking for Qt5Core
configure:10006: $PKG_CONFIG --exists --print-errors "Qt5Core"
configure:10009: $? = 0
configure:10023: $PKG_CONFIG --exists --print-errors "Qt5Core"
configure:10026: $? = 0
configure:10084: result: yes
configure:10090: checking for x11 xpm xt xext xproto xinerama xtst xkbcommon
configure:10097: $PKG_CONFIG --exists --print-errors "x11 xpm xt xext xproto xinerama xtst xkbcommon"
configure:10100: $? = 0
configure:10114: $PKG_CONFIG --exists --print-errors "x11 xpm xt xext xproto xinerama xtst xkbcommon"
configure:10117: $? = 0
configure:10175: result: yes
configure:10181: checking for gsl
configure:10188: $PKG_CONFIG --exists --print-errors "gsl"
configure:10191: $? = 0
configure:10205: $PKG_CONFIG --exists --print-errors "gsl"
configure:10208: $? = 0
configure:10266: result: yes
configure:10544: checking whether gcc is Clang
configure:10571: result: no
configure:10636: checking whether pthreads work with "-pthread" and "-lpthread"
configure:10747: gcc -o conftest -g -O2 -pthread   conftest.c -lpthread -lm >&5
configure:10747: $? = 0
configure:10757: result: yes
configure:10880: checking for joinable pthread attribute
configure:10899: gcc -o conftest -g -O2 -pthread   conftest.c -lpthread -lm >&5
configure:10899: $? = 0
configure:10908: result: PTHREAD_CREATE_JOINABLE
configure:10921: checking whether more special flags are required for pthreads
configure:10935: result: no
configure:10944: checking for PTHREAD_PRIO_INHERIT
configure:10962: gcc -o conftest -g -O2 -pthread   conftest.c -lpthread -lm >&5
configure:10962: $? = 0
configure:10972: result: yes
configure:11148: checking for backtrace
configure:11148: gcc -o conftest -g -O2   conftest.c -lm >&5
configure:11148: $? = 0
configure:11148: result: yes
configure:11158: checking for XdbeAllocateBackBufferName
configure:11158: gcc -o conftest -g -O2   conftest.c -lXpm -lXt -lX11 -lXext -lXinerama -lXtst -lxkbcommon -lgsl -lgslcblas -lm >&5
configure:11158: $? = 0
configure:11158: result: yes
configure:11166: checking for XineramaQueryScreens
configure:11166: gcc -o conftest -g -O2   conftest.c -lXpm -lXt -lX11 -lXext -lXinerama -lXtst -lxkbcommon -lgsl -lgslcblas -lm >&5
configure:11166: $? = 0
configure:11166: result: yes
configure:11175: checking for size_t
configure:11175: gcc -c -g -O2  conftest.c >&5
configure:11175: $? = 0
configure:11175: gcc -c -g -O2  conftest.c >&5
conftest.c: In function 'main':
conftest.c:74:21: error: expected expression before ')' token
   74 | if (sizeof ((size_t)))
      |                     ^
configure:11175: $? = 1
configure: failed program was:
| /* confdefs.h */
| #define PACKAGE_NAME "plasmasnow"
| #define PACKAGE_TARNAME "plasmasnow"
| #define PACKAGE_VERSION "4.56"
| #define PACKAGE_STRING "plasmasnow 4.56"
| #define PACKAGE_BUGREPORT "markcapella@twcny.rr.com"
| #define PACKAGE_URL ""
| #define PACKAGE "plasmasnow"
| #define VERSION "4.56"
| #define ENABLE_NLS 1
| #define HAVE_GETTEXT 1
| #define HAVE_DCGETTEXT 1
| #define HAVE_STDIO_H 1
| #define HAVE_STDLIB_H 1
| #define HAVE_STRING_H 1
| #define HAVE_INTTYPES_H 1
| #define HAVE_STDINT_H 1
| #define HAVE_STRINGS_H 1
| #define HAVE_SYS_STAT_H 1
| #define HAVE_SYS_TYPES_H 1
| #define HAVE_UNISTD_H 1
| #define STDC_HEADERS 1
| #define HAVE_ASSERT_H 1
| #define HAVE_CTYPE_H 1
| #define HAVE_MATH_H 1
| #define HAVE_PTHREAD_H 1
| #define HAVE_SIGNAL_H 1
| #define HAVE_STDARG_H 1
| #define HAVE_STDIO_H 1
| #define HAVE_STDLIB_H 1
| #define HAVE_STRING_H 1
| #define HAVE_UNISTD_H 1
| #define HAVE_EXECINFO_H 1
| #define HAVE_IOSTREAM 1
| #define HAVE_UNORDERED_MAP 1
| #define HAVE_UNORDERED_SET 1
| #define HAVE_PTHREAD_PRIO_INHERIT 1
| #define HAVE_PTHREAD 1
| #define HAVE_BACKTRACE 1
| #define HAVE_XDBEALLOCATEBACKBUFFERNAME 1
| #define HAVE_XINERAMAQUERYSCREENS 1
| /* end confdefs.h.  */
| #include <stddef.h>
| #ifdef HAVE_STDIO_H
| # include <stdio.h>
| #endif
| #ifdef HAVE_STDLIB_H
| # include <stdlib.h>
| #endif
| #ifdef HAVE_STRING_H
| # include <string.h>
| #endif
| #ifdef HAVE_INTTYPES_H
| # include <inttypes.h>
| #endif
| #ifdef HAVE_STDINT_H
| # include <stdint.h>
| #endif
| #ifdef HAVE_STRINGS_H
| # include <strings.h>
| #endif
| #ifdef HAVE_SYS_TYPES_H
| # include <sys/types.h>
| #endif
| #ifdef HAVE_SYS_STAT_H
| # include <sys/stat.h>
| #endif
| #ifdef HAVE_UNISTD_H
| # include <unistd.h>
| #endif
| int
| main (void)
| {
| if (sizeof ((size_t)))
| 	    return 0;
|   ;
|   return 0;
| }
configure:11175: result: yes
configure:11185: checking for _Bool
configure:11185: gcc -c -g -O2  conftest.c >&5
configure:11185: $? = 0
configure:11185: gcc -c -g -O2  conftest.c >&5
conftest.c: In function 'main':
conftest.c:74:20: error: expected expression before ')' token
   74 | if (sizeof ((_Bool)))
      |                    ^
configure:11185: $? = 1
configure: failed program was:
| /* confdefs.h */
| #define PACKAGE_NAME "plasmasnow"
| #define PACKAGE_TARNAME "plasmasnow"
| #define PACKAGE_VERSION "4.56"
| #define PACKAGE_STRING "plasmasnow 4.56"
| #define PACKAGE_BUGREPORT "markcapella@twcny.rr.com"
| #define PACKAGE_URL ""
| #define PACKAGE "plasmasnow"
| #define VERSION "4.56"
| #define ENABLE_NLS 1
| #define HAVE_GETTEXT 1
| #define HAVE_DCGETTEXT 1
| #define HAVE_STDIO_H 1
| #define HAVE_STDLIB_H 1
| #define HAVE_STRING_H 1
| #define HAVE_INTTYPES_H 1
| #define HAVE_STDINT_H 1
| #define HAVE_STRINGS_H 1
| #define HAVE_SYS_STAT_H 1
| #define HAVE_SYS_TYPES_H 1
| #define HAVE_UNISTD_H 1
| #define STDC_HEADERS 1
| #define HAVE_ASSERT_H 1
| #define HAVE_CTYPE_H 1
| #define HAVE_MATH_H 1
| #define HAVE_PTHREAD_H 1
| #define HAVE_SIGNAL_H 1
| #define HAVE_STDARG_H 1
| #define HAVE_STDIO_H 1
| #define HAVE_STDLIB_H 1
| #define HAVE_STRING_H 1
| #define HAVE_UNISTD_H 1
| #define HAVE_EXECINFO_H 1
| #define HAVE_IOSTREAM 1
| #define HAVE_UNORDERED_MAP 1
| #define HAVE_UNORDERED_SET 1
| #define HAVE_PTHREAD_PRIO_INHERIT 1
| #define HAVE_PTHREAD 1
| #define HAVE_BACKTRACE 1
| #define HAVE_XDBEALLOCATEBACKBUFFERNAME 1
| #define HAVE_XINERAMAQUERYSCREENS 1
| /* end confdefs.h.  */
| #include <stddef.h>
| #ifdef HAVE_STDIO_H
| # include <stdio.h>
| #endif
| #ifdef HAVE_STDLIB_H
| # include <stdlib.h>
| #endif
| #ifdef HAVE_STRING_H
| # include <string.h>
| #endif
| #ifdef HAVE_INTTYPES_H
| # include <inttypes.h>
| #endif
| #ifdef HAVE_STDINT_H
| # include <stdint.h>
| #endif
| #ifdef HAVE_STRINGS_H
| # include <strings.h>
| #endif
| #ifdef HAVE_SYS_TYPES_H
| # include <sys/types.h>
| #endif
| #ifdef HAVE_SYS_STAT_H
| # include <sys/stat.h>
| #endif
| #ifdef HAVE_UNISTD_H
| # include <unistd.h>
| #endif
| int
| main (void)
| {
| if (sizeof ((_Bool)))
| 	    return 0;
|   ;
|   return 0;
| }
configure:11185: result: yes
configure:11194: checking for stdbool.h that conforms to C99
configure:11310: gcc -c -g -O2  conftest.c >&5
configure:11310: $? = 0
configure:11318: result: yes
configure:11330: checking for alarm
configure:11330: gcc -o conftest -g -O2   conftest.c -lXpm -lXt -lX11 -lXext -lXinerama -lXtst -lxkbcommon -lgsl -lgslcblas -lm >&5
configure:11330: $? = 0
configure:11330: result: yes
configure:11336: checking for gettimeofday
configure:11336: gcc -o conftest -g -O2   conftest.c -lXpm -lXt -lX11 -lXext -lXinerama -lXtst -lxkbcommon -lgsl -lgslcblas -lm >&5
configure:11336: $? = 0
configure:11336: result: yes
configure:11342: checking for sqrt
configure:11342: gcc -o conftest -g -O2   conftest.c -lXpm -lXt -lX11 -lXext -lXinerama -lXtst -lxkbcommon -lgsl -lgslcblas -lm >&5
conftest.c:62:6: warning: conflicting types for built-in function 'sqrt'; expected 'double(double)' [-Wbuiltin-declaration-mismatch]
   62 | char sqrt ();
      |      ^~~~
conftest.c:54:1: note: 'sqrt' is declared in header '<math.h>'
   53 | #include <limits.h>
   54 | #undef sqrt
configure:11342: $? = 0
configure:11342: result: yes
configure:11348: checking for strchr
configure:11348: gcc -o conftest -g -O2   conftest.c -lXpm -lXt -lX11 -lXext -lXinerama -lXtst -lxkbcommon -lgsl -lgslcblas -lm >&5
conftest.c:63:6: warning: conflicting types for built-in function 'strchr'; expected 'char *(const char *, int)' [-Wbuiltin-declaration-mismatch]
   63 | char strchr ();
      |      ^~~~~~
conftest.c:55:1: note: 'strchr' is declared in header '<string.h>'
   54 | #include <limits.h>
   55 | #undef strchr
configure:11348: $? = 0
configure:11348: result: yes
configure:11354: checking for strdup
configure:11354: gcc -o conftest -g -O2   conftest.c -lXpm -lXt -lX11 -lXext -lXinerama -lXtst -lxkbcommon -lgsl -lgslcblas -lm >&5
conftest.c:64:6: warning: conflicting types for built-in function 'strdup'; expected 'char *(const char *)' [-Wbuiltin-declaration-mismatch]
   64 | char strdup ();
      |      ^~~~~~
configure:11354: $? = 0
configure:11354: result: yes
configure:11360: checking for strstr
configure:11360: gcc -o conftest -g -O2   conftest.c -lXpm -lXt -lX11 -lXext -lXinerama -lXtst -lxkbcommon -lgsl -lgslcblas -lm >&5
conftest.c:65:6: warning: conflicting types for built-in function 'strstr'; expected 'char *(const char *, const char *)' [-Wbuiltin-declaration-mismatch]
   65 | char strstr ();
      |      ^~~~~~
conftest.c:57:1: note: 'strstr' is declared in header '<string.h>'
   56 | #include <limits.h>
   57 | #undef strstr
configure:11360: $? = 0
configure:11360: result: yes
configure:11366: checking for strtol
configure:11366: gcc -o conftest -g -O2   conftest.c -lXpm -lXt -lX11 -lXext -lXinerama -lXtst -lxkbcommon -lgsl -lgslcblas -lm >&5
configure:11366: $? = 0
configure:11366: result: yes
configure:11373: checking for gsl_interp_steffen
configure:11373: gcc -o conftest -g -O2   conftest.c -lXpm -lXt -lX11 -lXext -lXinerama -lXtst -lxkbcommon -lgsl -lgslcblas -lm >&5
configure:11373: $? = 0
configure:11373: result: yes
configure:11379: checking for gsl_interp_akima
configure:11379: gcc -o conftest -g -O2   conftest.c -lXpm -lXt -lX11 -lXext -lXinerama -lXtst -lxkbcommon -lgsl -lgslcblas -lm >&5
configure:11379: $? = 0
configure:11379: result: yes
configure:11385: checking for gsl_interp_cspline
configure:11385: gcc -o conftest -g -O2   conftest.c -lXpm -lXt -lX11 -lXext -lXinerama -lXtst -lxkbcommon -lgsl -lgslcblas -lm >&5
configure:11385: $? = 0
configure:11385: result: yes
configure:11391: checking for gsl_interp_linear
configure:11391: gcc -o conftest -g -O2   conftest.c -lXpm -lXt -lX11 -lXext -lXinerama -lXtst -lxkbcommon -lgsl -lgslcblas -lm >&5
configure:11391: $? = 0
configure:11391: result: yes
configure:11502: checking that generated files are newer than configure
configure:11508: result: done
configure:11547: creating ./config.status

## ---------------------- ##
## Running config.status. ##
## ---------------------- ##

This file was extended by plasmasnow config.status 4.56, which was
generated by GNU Autoconf 2.71.  Invocation command line was

  CONFIG_FILES    = 
  CONFIG_HEADERS  = 
  CONFIG_LINKS    = 
  CONFIG_COMMANDS = 
  $ ./config.status 

on mark-HP-ProDesk-600-G3-SFF

config.status:959: creating Makefile
config.status:959: creating src/Makefile
config.status:959: creating src/Pixmaps/Makefile
config.status:959: creating data/Makefile
config.status:959: creating po/Makefile.in
config.status:959: creating afterburner/Makefile
config.status:959: creating config.h
config.status:1140: config.h is unchanged
config.status:1188: executing po-directories commands
config.status:1188: executing depfiles commands
config.status:1376: cd src       && sed -e '/# am--include-marker/d' Makefile         | make -f - am--depfiles
make: Nothing to be done for 'am--depfiles'.
config.status:1381: $? = 0

## ---------------- ##
## Cache variables. ##
## ---------------- ##

ac_cv_build=x86_64-pc-linux-gnu
ac_cv_c_compiler_gnu=yes
ac_cv_cxx_compiler_gnu=yes
ac_cv_env_CCC_set=
ac_cv_env_CCC_value=
ac_cv_env_CC_set=
ac_cv_env_CC_value=
ac_cv_env_CFLAGS_set=
ac_cv_env_CFLAGS_value=
ac_cv_env_CPPFLAGS_set=
ac_cv_env_CPPFLAGS_value=
ac_cv_env_CPP_set=
ac_cv_env_CPP_value=
ac_cv_env_CXXFLAGS_set=
ac_cv_env_CXXFLAGS_value=
ac_cv_env_CXX_set=
ac_cv_env_CXX_value=
ac_cv_env_GSL_CFLAGS_set=
ac_cv_env_GSL_CFLAGS_value=
ac_cv_env_GSL_LIBS_set=
ac_cv_env_GSL_LIBS_value=
ac_cv_env_GTK_CFLAGS_set=
ac_cv_env_GTK_CFLAGS_value=
ac_cv_env_GTK_LIBS_set=
ac_cv_env_GTK_LIBS_value=
ac_cv_env_LDFLAGS_set=
ac_cv_env_LDFLAGS_value=
ac_cv_env_LIBS_set=
ac_cv_env_LIBS_value=
ac_cv_env_PKG_CONFIG_LIBDIR_set=
ac_cv_env_PKG_CONFIG_LIBDIR_value=
ac_cv_env_PKG_CONFIG_PATH_set=
ac_cv_env_PKG_CONFIG_PATH_value=
ac_cv_env_PKG_CONFIG_set=
ac_cv_env_PKG_CONFIG_value=
ac_cv_env_QT_CFLAGS_set=
ac_cv_env_QT_CFLAGS_value=
ac_cv_env_QT_LIBS_set=
ac_cv_env_QT_LIBS_value=
ac_cv_env_X11_CFLAGS_set=
ac_cv_env_X11_CFLAGS_value=
ac_cv_env_X11_LIBS_set=
ac_cv_env_X11_LIBS_value=
ac_cv_env_XMKMF_set=
ac_cv_env_XMKMF_value=
ac_cv_env_build_alias_set=
ac_cv_env_build_alias_value=
ac_cv_env_host_alias_set=
ac_cv_env_host_alias_value=
ac_cv_env_target_alias_set=
ac_cv_env_target_alias_value=
ac_cv_func_XdbeAllocateBackBufferName=yes
ac_cv_func_XineramaQueryScreens=yes
ac_cv_func_alarm=yes
ac_cv_func_backtrace=yes
ac_cv_func_gettimeofday=yes
ac_cv_func_gsl_interp_akima=yes
ac_cv_func_gsl_interp_cspline=yes
ac_cv_func_gsl_interp_linear=yes
ac_cv_func_gsl_interp_steffen=yes
ac_cv_func_sqrt=yes
ac_cv_func_strchr=yes
ac_cv_func_strdup=yes
ac_cv_func_strstr=yes
ac_cv_func_strtol=yes
ac_cv_have_x='have_x=yes	ac_x_includes='\'''\''	ac_x_libraries='\'''\'''
ac_cv_header_assert_h=yes
ac_cv_header_ctype_h=yes
ac_cv_header_execinfo_h=yes
ac_cv_header_inttypes_h=yes
ac_cv_header_iostream=yes
ac_cv_header_math_h=yes
ac_cv_header_pthread_h=yes
ac_cv_header_signal_h=yes
ac_cv_header_stdarg_h=yes
ac_cv_header_stdbool_h=yes
ac_cv_header_stdint_h=yes
ac_cv_header_stdio_h=yes
ac_cv_header_stdlib_h=yes
ac_cv_header_string_h=yes
ac_cv_header_strings_h=yes
ac_cv_header_sys_stat_h=yes
ac_cv_header_sys_types_h=yes
ac_cv_header_unistd_h=yes
ac_cv_header_unordered_map=yes
ac_cv_header_unordered_set=yes
ac_cv_host=x86_64-pc-linux-gnu
ac_cv_objext=o
ac_cv_path_EGREP='/usr/bin/grep -E'
ac_cv_path_GMSGFMT=/usr/bin/msgfmt
ac_cv_path_GREP=/usr/bin/grep
ac_cv_path_MSGFMT=/usr/bin/msgfmt
ac_cv_path_MSGMERGE=/usr/bin/msgmerge
ac_cv_path_SED=/usr/bin/sed
ac_cv_path_XGETTEXT=/usr/bin/xgettext
ac_cv_path_ac_pt_PKG_CONFIG=/usr/bin/pkg-config
ac_cv_path_install='/usr/bin/install -c'
ac_cv_path_mkdir=/usr/bin/mkdir
ac_cv_prog_AWK=gawk
ac_cv_prog_CPP='gcc -E'
ac_cv_prog_ac_ct_AR=ar
ac_cv_prog_ac_ct_CC=gcc
ac_cv_prog_ac_ct_CXX=c++
ac_cv_prog_ac_ct_RANLIB=ranlib
ac_cv_prog_cc_c11=
ac_cv_prog_cc_g=yes
ac_cv_prog_cc_stdc=
ac_cv_prog_cxx_11=no
ac_cv_prog_cxx_cxx11=
ac_cv_prog_cxx_g=yes
ac_cv_prog_cxx_stdcxx=
ac_cv_prog_make_make_set=yes
ac_cv_type__Bool=yes
ac_cv_type_size_t=yes
acl_cv_hardcode_direct=no
acl_cv_hardcode_libdir_flag_spec='${wl}-rpath ${wl}$libdir'
acl_cv_hardcode_libdir_separator=
acl_cv_hardcode_minus_L=no
acl_cv_libdirstems=lib,lib,lib64
acl_cv_libext=a
acl_cv_libname_spec='lib$name'
acl_cv_library_names_spec='$libname$shrext'
acl_cv_path_LD=/usr/bin/ld
acl_cv_prog_gnu_ld=yes
acl_cv_rpath=done
acl_cv_shlibext=so
acl_cv_wl=-Wl,
am_cv_CC_dependencies_compiler_type=gcc3
am_cv_CXX_dependencies_compiler_type=gcc3
am_cv_ar_interface=ar
am_cv_make_support_nested_variables=yes
am_cv_prog_cc_c_o=yes
ax_cv_PTHREAD_CLANG=no
ax_cv_PTHREAD_JOINABLE_ATTR=PTHREAD_CREATE_JOINABLE
ax_cv_PTHREAD_PRIO_INHERIT=yes
ax_cv_PTHREAD_SPECIAL_FLAGS=no
gl_cv_elf=yes
gl_cv_host_cpu_c_abi_32bit=no
gt_cv_func_CFLocaleCopyPreferredLanguages=no
gt_cv_func_CFPreferencesCopyAppValue=no
gt_cv_func_gnugettext1_libc=yes
pkg_cv_GSL_CFLAGS=
pkg_cv_GSL_LIBS='-lgsl -lgslcblas -lm'
pkg_cv_GTK_CFLAGS='-pthread -I/usr/include/gtk-3.0 -I/usr/include/at-spi2-atk/2.0 -I/usr/include/at-spi-2.0 -I/usr/include/dbus-1.0 -I/usr/lib/x86_64-linux-gnu/dbus-1.0/include -I/usr/include/gtk-3.0 -I/usr/include/gio-unix-2.0 -I/usr/include/cairo -I/usr/include/pango-1.0 -I/usr/include/harfbuzz -I/usr/include/pango-1.0 -I/usr/include/fribidi -I/usr/include/harfbuzz -I/usr/include/atk-1.0 -I/usr/include/cairo -I/usr/include/pixman-1 -I/usr/include/uuid -I/usr/include/freetype2 -I/usr/include/gdk-pixbuf-2.0 -I/usr/include/libpng16 -I/usr/include/x86_64-linux-gnu -I/usr/include/libmount -I/usr/include/blkid -I/usr/include/glib-2.0 -I/usr/lib/x86_64-linux-gnu/glib-2.0/include'
pkg_cv_GTK_LIBS='-lgtk-3 -lgdk-3 -lpangocairo-1.0 -lpango-1.0 -lharfbuzz -latk-1.0 -lcairo-gobject -lcairo -lgdk_pixbuf-2.0 -lgio-2.0 -lgobject-2.0 -Wl,--export-dynamic -lgmodule-2.0 -pthread -lglib-2.0'
pkg_cv_QT_CFLAGS='-DQT_CORE_LIB -I/usr/include/x86_64-linux-gnu/qt5/QtCore -I/usr/include/x86_64-linux-gnu/qt5'
pkg_cv_QT_LIBS=-lQt5Core
pkg_cv_X11_CFLAGS=
pkg_cv_X11_LIBS='-lXpm -lXt -lX11 -lXext -lXinerama -lXtst -lxkbcommon'

## ----------------- ##
## Output variables. ##
## ----------------- ##

	  --owner=0 --group=0 --numeric-owner --mtime="@1687873292" --sort=name -chf - "$$tardir"'
ACLOCAL='${SHELL} '\''/home/mark/plasmasnow/missing'\'' aclocal-1.16'
AMDEPBACKSLASH='\'
AMDEP_FALSE='#'
AMDEP_TRUE=''
AMTAR='$${TAR-tar}'
AM_BACKSLASH='\'
AM_DEFAULT_V='$(AM_DEFAULT_VERBOSITY)'
AM_DEFAULT_VERBOSITY='0'
AM_V='$(V)'
AR='ar'
AUTOCONF='${SHELL} '\''/home/mark/plasmasnow/missing'\'' autoconf'
AUTOHEADER='${SHELL} '\''/home/mark/plasmasnow/missing'\'' autoheader'
AUTOMAKE='${SHELL} '\''/home/mark/plasmasnow/missing'\'' automake-1.16'
AWK='gawk'
CC='gcc'
CCDEPMODE='depmode=gcc3'
CFLAGS='-g -O2'
CPP='gcc -E'
CPPFLAGS=''
CSCOPE='cscope'
CTAGS='ctags'
CXX='c++'
CXXDEPMODE='depmode=gcc3'
CXXFLAGS='-g -O2'
CYGPATH_W='echo'
DATE='2023-06-27'
DEFS='-DHAVE_CONFIG_H'
DEPDIR='.deps'
ECHO_C=''
ECHO_N='-n'
ECHO_T=''
EGREP='/usr/bin/grep -E'
ETAGS='etags'
EXEEXT=''
GETTEXT_MACRO_VERSION='0.20'
GMSGFMT='/usr/bin/msgfmt'
GMSGFMT_015='/usr/bin/msgfmt'
GREP='/usr/bin/grep'
GSL_CFLAGS=''
GSL_LIBS='-lgsl -lgslcblas -lm'
GTK_CFLAGS='-pthread -I/usr/include/gtk-3.0 -I/usr/include/at-spi2-atk/2.0 -I/usr/include/at-spi-2.0 -I/usr/include/dbus-1.0 -I/usr/lib/x86_64-linux-gnu/dbus-1.0/include -I/usr/include/gtk-3.0 -I/usr/include/gio-unix-2.0 -I/usr/include/cairo -I/usr/include/pango-1.0 -I/usr/include/harfbuzz -I/usr/include/pango-1.0 -I/usr/include/fribidi -I/usr/include/harfbuzz -I/usr/include/atk-1.0 -I/usr/include/cairo -I/usr/include/pixman-1 -I/usr/include/uuid -I/usr/include/freetype2 -I/usr/include/gdk-pixbuf-2.0 -I/usr/include/libpng16 -I/usr/include/x86_64-linux-gnu -I/usr/include/libmount -I/usr/include/blkid -I/usr/include/glib-2.0 -I/usr/lib/x86_64-linux-gnu/glib-2.0/include'
GTK_LIBS='-lgtk-3 -lgdk-3 -lpangocairo-1.0 -lpango-1.0 -lharfbuzz -latk-1.0 -lcairo-gobject -lcairo -lgdk_pixbuf-2.0 -lgio-2.0 -lgobject-2.0 -Wl,--export-dynamic -lgmodule-2.0 -pthread -lglib-2.0'
INSTALL_DATA='${INSTALL} -m 644'
INSTALL_PROGRAM='${INSTALL}'
INSTALL_SCRIPT='${INSTALL}'
INSTALL_STRIP_PROGRAM='$(install_sh) -c -s'
INTLLIBS=''
INTL_MACOSX_LIBS=''
LDFLAGS=''
LIBICONV='-liconv'
LIBINTL=''
LIBOBJS=''
LIBS='-lXpm -lXt -lX11 -lXext -lXinerama -lXtst -lxkbcommon -lgsl -lgslcblas -lm'
LOCALEDIR='${datarootdir}/locale'
LTLIBICONV='-liconv'
LTLIBINTL=''
LTLIBOBJS=''
MAKEINFO='${SHELL} '\''/home/mark/plasmasnow/missing'\'' makeinfo'
MAKESELFREP_FALSE=''
MAKESELFREP_TRUE='#'
MKDIR_P='/usr/bin/mkdir -p'
MSGFMT='/usr/bin/msgfmt'
MSGMERGE='/usr/bin/msgmerge'
MSGMERGE_FOR_MSGFMT_OPTION='--for-msgfmt'
OBJEXT='o'
PACKAGE='plasmasnow'
PACKAGE_BUGREPORT='markcapella@twcny.rr.com'
PACKAGE_NAME='plasmasnow'
PACKAGE_STRING='plasmasnow 4.56'
PACKAGE_TARNAME='plasmasnow'
PACKAGE_URL=''
PACKAGE_VERSION='4.56'
PATH_SEPARATOR=':'
PKG_CONFIG='/usr/bin/pkg-config'
PKG_CONFIG_LIBDIR=''
PKG_CONFIG_PATH=''
POSUB='po'
PTHREAD_CC='gcc'
PTHREAD_CFLAGS='-pthread'
PTHREAD_CXX='c++'
PTHREAD_LIBS='-lpthread'
QT_CFLAGS='-DQT_CORE_LIB -I/usr/include/x86_64-linux-gnu/qt5/QtCore -I/usr/include/x86_64-linux-gnu/qt5'
QT_LIBS='-lQt5Core'
RANLIB='ranlib'
SED='/usr/bin/sed'
SET_MAKE=''
SHELL='/bin/bash'
STRIP=''
USE_NLS='yes'
USE_NLS_FALSE='#'
USE_NLS_TRUE=''
VERSION='4.56'
X11_CFLAGS=''
X11_LIBS='-lXpm -lXt -lX11 -lXext -lXinerama -lXtst -lxkbcommon'
XGETTEXT='/usr/bin/xgettext'
XGETTEXT_015='/usr/bin/xgettext'
XGETTEXT_EXTRA_OPTIONS=''
XMKMF=''
ac_ct_AR='ar'
ac_ct_CC='gcc'
ac_ct_CXX='c++'
am__EXEEXT_FALSE=''
am__EXEEXT_TRUE='#'
am__fastdepCC_FALSE='#'
am__fastdepCC_TRUE=''
am__fastdepCXX_FALSE='#'
am__fastdepCXX_TRUE=''
am__include='include'
am__isrc=''
am__leading_dot='.'
am__nodep='_no'
am__quote=''
am__tar='$${TAR-tar} --format=posix --pax-option=exthdr.name=%d/PaxHeaders/%f,delete=atime,delete=ctime \
am__untar='$${TAR-tar} xf -'
ax_pthread_config=''
bindir='${exec_prefix}/bin'
build='x86_64-pc-linux-gnu'
build_alias=''
build_cpu='x86_64'
build_os='linux-gnu'
build_vendor='pc'
datadir='${datarootdir}'
datarootdir='${prefix}/share'
docdir='${datarootdir}/doc/${PACKAGE_TARNAME}'
dvidir='${docdir}'
exec_prefix='${prefix}'
host='x86_64-pc-linux-gnu'
host_alias=''
host_cpu='x86_64'
host_os='linux-gnu'
host_vendor='pc'
htmldir='${docdir}'
includedir='${prefix}/include'
infodir='${datarootdir}/info'
install_sh='${SHELL} /home/mark/plasmasnow/install-sh'
libdir='${exec_prefix}/lib'
libexecdir='${exec_prefix}/libexec'
localedir='${datarootdir}/locale'
localstatedir='${prefix}/var'
mandir='${datarootdir}/man'
mkdir_p='$(MKDIR_P)'
oldincludedir='/usr/include'
pdfdir='${docdir}'
prefix='/usr/local'
program_transform_name='s,x,x,'
psdir='${docdir}'
runstatedir='${localstatedir}/run'
sbindir='${exec_prefix}/sbin'
sharedstatedir='${prefix}/com'
sysconfdir='${prefix}/etc'
target_alias=''

## ----------- ##
## confdefs.h. ##
## ----------- ##

/* confdefs.h */
#define PACKAGE_NAME "plasmasnow"
#define PACKAGE_TARNAME "plasmasnow"
#define PACKAGE_VERSION "4.56"
#define PACKAGE_STRING "plasmasnow 4.56"
#define PACKAGE_BUGREPORT "markcapella@twcny.rr.com"
#define PACKAGE_URL ""
#define PACKAGE "plasmasnow"
#define VERSION "4.56"
#define ENABLE_NLS 1
#define HAVE_GETTEXT 1
#define HAVE_DCGETTEXT 1
#define HAVE_STDIO_H 1
#define HAVE_STDLIB_H 1
#define HAVE_STRING_H 1
#define HAVE_INTTYPES_H 1
#define HAVE_STDINT_H 1
#define HAVE_STRINGS_H 1
#define HAVE_SYS_STAT_H 1
#define HAVE_SYS_TYPES_H 1
#define HAVE_UNISTD_H 1
#define STDC_HEADERS 1
#define HAVE_ASSERT_H 1
#define HAVE_CTYPE_H 1
#define HAVE_MATH_H 1
#define HAVE_PTHREAD_H 1
#define HAVE_SIGNAL_H 1
#define HAVE_STDARG_H 1
#define HAVE_STDIO_H 1
#define HAVE_STDLIB_H 1
#define HAVE_STRING_H 1
#define HAVE_UNISTD_H 1
#define HAVE_EXECINFO_H 1
#define HAVE_IOSTREAM 1
#define HAVE_UNORDERED_MAP 1
#define HAVE_UNORDERED_SET 1
#define HAVE_PTHREAD_PRIO_INHERIT 1
#define HAVE_PTHREAD 1
#define HAVE_BACKTRACE 1
#define HAVE_XDBEALLOCATEBACKBUFFERNAME 1
#define HAVE_XINERAMAQUERYSCREENS 1
#define HAVE__BOOL 1
#define HAVE_ALARM 1
#define HAVE_GETTIMEOFDAY 1
#define HAVE_SQRT 1
#define HAVE_STRCHR 1
#define HAVE_STRDUP 1
#define HAVE_STRSTR 1
#define HAVE_STRTOL 1
#define HAVE_GSL_INTERP_STEFFEN 1
#define HAVE_GSL_INTERP_AKIMA 1
#define HAVE_GSL_INTERP_CSPLINE 1
#define HAVE_GSL_INTERP_LINEAR 1

configure: exit 0
